<?xml version="1.0" encoding="UTF-8"?>
<testsuite xmlns:xsi="http://www.w3.org/2001/XMLSchema-instance" xsi:noNamespaceSchemaLocation="https://maven.apache.org/surefire/maven-surefire-plugin/xsd/surefire-test-report.xsd" name="dat3.cars.service.CarServiceMockWithH2Test" time="0.011" tests="1" errors="1" skipped="0" failures="0">
  <properties>
[...]
</properties>
  <testcase name="dat3.cars.service.CarServiceMockWithH2Test" classname="dat3.cars.service.CarServiceMockWithH2Test" time="0.011">
    <error message="could not execute statement; SQL [n/a]; constraint [&quot;FKGKMBSPV7RLJIXXOXO1AF80LPP: PUBLIC.RESERVATION FOREIGN KEY(CAR_ID) REFERENCES PUBLIC.CAR(ID) (9)&quot;; SQL statement:&#10;delete from car where id=? [23503-214]]; nested exception is org.hibernate.exception.ConstraintViolationException: could not execute statement" type="org.springframework.dao.DataIntegrityViolationException">org.springframework.dao.DataIntegrityViolationException: 
could not execute statement; SQL [n/a]; constraint ["FKGKMBSPV7RLJIXXOXO1AF80LPP: PUBLIC.RESERVATION FOREIGN KEY(CAR_ID) REFERENCES PUBLIC.CAR(ID) (9)"; SQL statement:
delete from car where id=? [23503-214]]; nested exception is org.hibernate.exception.ConstraintViolationException: could not execute statement
	at dat3.cars.service.CarServiceMockWithH2Test.initTestData(CarServiceMockWithH2Test.java:32)
Caused by: org.hibernate.exception.ConstraintViolationException: could not execute statement
	at dat3.cars.service.CarServiceMockWithH2Test.initTestData(CarServiceMockWithH2Test.java:32)
Caused by: org.h2.jdbc.JdbcSQLIntegrityConstraintViolationException: 
Referential integrity constraint violation: "FKGKMBSPV7RLJIXXOXO1AF80LPP: PUBLIC.RESERVATION FOREIGN KEY(CAR_ID) REFERENCES PUBLIC.CAR(ID) (9)"; SQL statement:
delete from car where id=? [23503-214]
	at dat3.cars.service.CarServiceMockWithH2Test.initTestData(CarServiceMockWithH2Test.java:32)
</error>
    <system-out><![CDATA[2023-01-06 10:51:02.434  INFO 28196 --- [           main] b.t.a.o.j.DataJpaTestContextBootstrapper : Neither @ContextConfiguration nor @ContextHierarchy found for test class [dat3.cars.service.CarServiceMockWithH2Test], using SpringBootContextLoader
2023-01-06 10:51:02.434  INFO 28196 --- [           main] o.s.t.c.support.AbstractContextLoader    : Could not detect default resource locations for test class [dat3.cars.service.CarServiceMockWithH2Test]: no resource found for suffixes {-context.xml, Context.groovy}.
2023-01-06 10:51:02.434  INFO 28196 --- [           main] t.c.s.AnnotationConfigContextLoaderUtils : Could not detect default configuration classes for test class [dat3.cars.service.CarServiceMockWithH2Test]: CarServiceMockWithH2Test does not declare any static, non-private, non-final, nested classes annotated with @Configuration.
2023-01-06 10:51:02.436  INFO 28196 --- [           main] .b.t.c.SpringBootTestContextBootstrapper : Found @SpringBootConfiguration dat3.Application for test class dat3.cars.service.CarServiceMockWithH2Test
2023-01-06 10:51:02.436  INFO 28196 --- [           main] b.t.a.o.j.DataJpaTestContextBootstrapper : Loaded default TestExecutionListener class names from location [META-INF/spring.factories]: [org.springframework.boot.test.mock.mockito.MockitoTestExecutionListener, org.springframework.boot.test.mock.mockito.ResetMocksTestExecutionListener, org.springframework.boot.test.autoconfigure.restdocs.RestDocsTestExecutionListener, org.springframework.boot.test.autoconfigure.web.client.MockRestServiceServerResetTestExecutionListener, org.springframework.boot.test.autoconfigure.web.servlet.MockMvcPrintOnlyOnFailureTestExecutionListener, org.springframework.boot.test.autoconfigure.web.servlet.WebDriverTestExecutionListener, org.springframework.boot.test.autoconfigure.webservices.client.MockWebServiceServerTestExecutionListener, org.springframework.test.context.web.ServletTestExecutionListener, org.springframework.test.context.support.DirtiesContextBeforeModesTestExecutionListener, org.springframework.test.context.event.ApplicationEventsTestExecutionListener, org.springframework.test.context.support.DependencyInjectionTestExecutionListener, org.springframework.test.context.support.DirtiesContextTestExecutionListener, org.springframework.test.context.transaction.TransactionalTestExecutionListener, org.springframework.test.context.jdbc.SqlScriptsTestExecutionListener, org.springframework.test.context.event.EventPublishingTestExecutionListener, org.springframework.security.test.context.support.WithSecurityContextTestExecutionListener, org.springframework.security.test.context.support.ReactorContextTestExecutionListener]
2023-01-06 10:51:02.436  INFO 28196 --- [           main] b.t.a.o.j.DataJpaTestContextBootstrapper : Using TestExecutionListeners: [org.springframework.test.context.web.ServletTestExecutionListener@3c4e17ea, org.springframework.test.context.support.DirtiesContextBeforeModesTestExecutionListener@285ac40b, org.springframework.test.context.event.ApplicationEventsTestExecutionListener@5b2ade46, org.springframework.boot.test.mock.mockito.MockitoTestExecutionListener@2087c939, org.springframework.boot.test.autoconfigure.SpringBootDependencyInjectionTestExecutionListener@6c3a7b84, org.springframework.test.context.support.DirtiesContextTestExecutionListener@123e9094, org.springframework.test.context.transaction.TransactionalTestExecutionListener@1f6ba47b, org.springframework.test.context.jdbc.SqlScriptsTestExecutionListener@1bb78ae, org.springframework.test.context.event.EventPublishingTestExecutionListener@3ee2d546, org.springframework.security.test.context.support.WithSecurityContextTestExecutionListener@58be583e, org.springframework.security.test.context.support.ReactorContextTestExecutionListener@1a34772e, org.springframework.boot.test.mock.mockito.ResetMocksTestExecutionListener@401002ce, org.springframework.boot.test.autoconfigure.restdocs.RestDocsTestExecutionListener@6870a76f, org.springframework.boot.test.autoconfigure.web.client.MockRestServiceServerResetTestExecutionListener@42257df7, org.springframework.boot.test.autoconfigure.web.servlet.MockMvcPrintOnlyOnFailureTestExecutionListener@7b11ff9a, org.springframework.boot.test.autoconfigure.web.servlet.WebDriverTestExecutionListener@3bd79444, org.springframework.boot.test.autoconfigure.webservices.client.MockWebServiceServerTestExecutionListener@5671078e]
Hibernate: select car0_.id as id1_0_, car0_.best_discount as best_dis2_0_, car0_.brand as brand3_0_, car0_.created as created4_0_, car0_.edited as edited5_0_, car0_.model as model6_0_, car0_.price_pr_day as price_pr7_0_ from car car0_
Hibernate: delete from car where id=?
2023-01-06 10:51:02.442  WARN 28196 --- [           main] o.h.engine.jdbc.spi.SqlExceptionHelper   : SQL Error: 23503, SQLState: 23503
2023-01-06 10:51:02.442 ERROR 28196 --- [           main] o.h.engine.jdbc.spi.SqlExceptionHelper   : Referential integrity constraint violation: "FKGKMBSPV7RLJIXXOXO1AF80LPP: PUBLIC.RESERVATION FOREIGN KEY(CAR_ID) REFERENCES PUBLIC.CAR(ID) (9)"; SQL statement:
delete from car where id=? [23503-214]
2023-01-06 10:51:02.443  INFO 28196 --- [           main] o.h.e.j.b.internal.AbstractBatchImpl     : HHH000010: On release of batch it still contained JDBC statements
]]></system-out>
  </testcase>
</testsuite>